Traceback (most recent call last):
  File "<frozen runpy>", line 198, in _run_module_as_main
  File "<frozen runpy>", line 88, in _run_code
  File "C:\Users\rstew\OneSurvey\OneSurvey-Docs\.venv\Lib\site-packages\mkdocs\__main__.py", line 370, in <module>
    cli()
    ~~~^^
  File "C:\Users\rstew\OneSurvey\OneSurvey-Docs\.venv\Lib\site-packages\click\core.py", line 1485, in __call__
    return self.main(*args, **kwargs)
           ~~~~~~~~~^^^^^^^^^^^^^^^^^
  File "C:\Users\rstew\OneSurvey\OneSurvey-Docs\.venv\Lib\site-packages\click\core.py", line 1406, in main
    rv = self.invoke(ctx)
  File "C:\Users\rstew\OneSurvey\OneSurvey-Docs\.venv\Lib\site-packages\click\core.py", line 1873, in invoke
    return _process_result(sub_ctx.command.invoke(sub_ctx))
                           ~~~~~~~~~~~~~~~~~~~~~~^^^^^^^^^
  File "C:\Users\rstew\OneSurvey\OneSurvey-Docs\.venv\Lib\site-packages\click\core.py", line 1269, in invoke
    return ctx.invoke(self.callback, **ctx.params)
           ~~~~~~~~~~^^^^^^^^^^^^^^^^^^^^^^^^^^^^^
  File "C:\Users\rstew\OneSurvey\OneSurvey-Docs\.venv\Lib\site-packages\click\core.py", line 824, in invoke
    return callback(*args, **kwargs)
  File "C:\Users\rstew\OneSurvey\OneSurvey-Docs\.venv\Lib\site-packages\mkdocs\__main__.py", line 272, in serve_command
    serve.serve(**kwargs)
    ~~~~~~~~~~~^^^^^^^^^^
  File "C:\Users\rstew\OneSurvey\OneSurvey-Docs\.venv\Lib\site-packages\mkdocs\commands\serve.py", line 54, in serve
    config = get_config()
  File "C:\Users\rstew\OneSurvey\OneSurvey-Docs\.venv\Lib\site-packages\mkdocs\commands\serve.py", line 43, in get_config
    config = load_config(
        config_file=config_file,
        site_dir=site_dir,
        **kwargs,
    )
  File "C:\Users\rstew\OneSurvey\OneSurvey-Docs\.venv\Lib\site-packages\mkdocs\config\base.py", line 374, in load_config
    errors, warnings = cfg.validate()
                       ~~~~~~~~~~~~^^
  File "C:\Users\rstew\OneSurvey\OneSurvey-Docs\.venv\Lib\site-packages\mkdocs\config\base.py", line 231, in validate
    run_failed, run_warnings = self._validate()
                               ~~~~~~~~~~~~~~^^
  File "C:\Users\rstew\OneSurvey\OneSurvey-Docs\.venv\Lib\site-packages\mkdocs\config\base.py", line 188, in _validate
    self[key] = config_option.validate(value)
                ~~~~~~~~~~~~~~~~~~~~~~^^^^^^^
  File "C:\Users\rstew\OneSurvey\OneSurvey-Docs\.venv\Lib\site-packages\mkdocs\config\config_options.py", line 186, in validate
    return self.run_validation(value)
           ~~~~~~~~~~~~~~~~~~~^^^^^^^
  File "C:\Users\rstew\OneSurvey\OneSurvey-Docs\.venv\Lib\site-packages\mkdocs\config\config_options.py", line 1065, in run_validation
    self.load_plugin_with_namespace(name, cfg)
    ~~~~~~~~~~~~~~~~~~~~~~~~~~~~~~~^^^^^^^^^^^
  File "C:\Users\rstew\OneSurvey\OneSurvey-Docs\.venv\Lib\site-packages\mkdocs\config\config_options.py", line 1103, in load_plugin_with_namespace
    return (name, self.load_plugin(name, config))
                  ~~~~~~~~~~~~~~~~^^^^^^^^^^^^^^
  File "C:\Users\rstew\OneSurvey\OneSurvey-Docs\.venv\Lib\site-packages\mkdocs\config\config_options.py", line 1121, in load_plugin
    plugin_cls = self.installed_plugins[name].load()
  File "C:\Python314\Lib\importlib\metadata\__init__.py", line 179, in load
    module = import_module(match.group('module'))
  File "C:\Python314\Lib\importlib\__init__.py", line 88, in import_module
    return _bootstrap._gcd_import(name[level:], package, level)
           ~~~~~~~~~~~~~~~~~~~~~~^^^^^^^^^^^^^^^^^^^^^^^^^^^^^^
  File "<frozen importlib._bootstrap>", line 1398, in _gcd_import
  File "<frozen importlib._bootstrap>", line 1371, in _find_and_load
  File "<frozen importlib._bootstrap>", line 1314, in _find_and_load_unlocked
  File "<frozen importlib._bootstrap>", line 491, in _call_with_frames_removed
  File "<frozen importlib._bootstrap>", line 1398, in _gcd_import
  File "<frozen importlib._bootstrap>", line 1371, in _find_and_load
  File "<frozen importlib._bootstrap>", line 1314, in _find_and_load_unlocked
  File "<frozen importlib._bootstrap>", line 491, in _call_with_frames_removed
  File "<frozen importlib._bootstrap>", line 1398, in _gcd_import
  File "<frozen importlib._bootstrap>", line 1371, in _find_and_load
  File "<frozen importlib._bootstrap>", line 1342, in _find_and_load_unlocked
  File "<frozen importlib._bootstrap>", line 938, in _load_unlocked
  File "<frozen importlib._bootstrap_external>", line 759, in exec_module
  File "<frozen importlib._bootstrap>", line 491, in _call_with_frames_removed
  File "C:\Users\rstew\OneSurvey\OneSurvey-Docs\.venv\Lib\site-packages\material\plugins\__init__.py", line 27, in <module>
    print(f"{Fore.RED} \u2502 \u26a0 WARNING – MkDocs 2.0 is incompatible with Material for MkDocs{Style.RESET_ALL}")
    ~~~~~^^^^^^^^^^^^^^^^^^^^^^^^^^^^^^^^^^^^^^^^^^^^^^^^^^^^^^^^^^^^^^^^^^^^^^^^^^^^^^^^^^^^^^^^^^^^^^^^^^
  File "C:\Users\rstew\OneSurvey\OneSurvey-Docs\.venv\Lib\site-packages\colorama\ansitowin32.py", line 47, in write
    self.__convertor.write(text)
    ~~~~~~~~~~~~~~~~~~~~~~^^^^^^
  File "C:\Users\rstew\OneSurvey\OneSurvey-Docs\.venv\Lib\site-packages\colorama\ansitowin32.py", line 177, in write
    self.write_and_convert(text)
    ~~~~~~~~~~~~~~~~~~~~~~^^^^^^
  File "C:\Users\rstew\OneSurvey\OneSurvey-Docs\.venv\Lib\site-packages\colorama\ansitowin32.py", line 202, in write_and_convert
    self.write_plain_text(text, cursor, start)
    ~~~~~~~~~~~~~~~~~~~~~^^^^^^^^^^^^^^^^^^^^^
  File "C:\Users\rstew\OneSurvey\OneSurvey-Docs\.venv\Lib\site-packages\colorama\ansitowin32.py", line 210, in write_plain_text
    self.wrapped.write(text[start:end])
    ~~~~~~~~~~~~~~~~~~^^^^^^^^^^^^^^^^^
  File "C:\Python314\Lib\encodings\cp1252.py", line 19, in encode
    return codecs.charmap_encode(input,self.errors,encoding_table)[0]
           ~~~~~~~~~~~~~~~~~~~~~^^^^^^^^^^^^^^^^^^^^^^^^^^^^^^^^^^
UnicodeEncodeError: 'charmap' codec can't encode character '\u2502' in position 1: character maps to <undefined>
